<?xml version="1.0" encoding="UTF-8"?>
<testsuite name="com.webapp.verticalascent.VerticalAscentApplicationTests" tests="1" skipped="0" failures="0" errors="0" timestamp="2023-09-12T16:39:41" hostname="DESKTOP-VE7SJOE" time="0.598">
  <properties/>
  <testcase name="contextLoads()" classname="com.webapp.verticalascent.VerticalAscentApplicationTests" time="0.598"/>
  <system-out><![CDATA[18:39:40.013 [Test worker] INFO org.springframework.test.context.support.AnnotationConfigContextLoaderUtils -- Could not detect default configuration classes for test class [com.webapp.verticalascent.VerticalAscentApplicationTests]: VerticalAscentApplicationTests does not declare any static, non-private, non-final, nested classes annotated with @Configuration.
18:39:40.081 [Test worker] INFO org.springframework.boot.test.context.SpringBootTestContextBootstrapper -- Found @SpringBootConfiguration com.webapp.verticalascent.VerticalAscentApplication for test class com.webapp.verticalascent.VerticalAscentApplicationTests

  .   ____          _            __ _ _
 /\\ / ___'_ __ _ _(_)_ __  __ _ \ \ \ \
( ( )\___ | '_ | '_| | '_ \/ _` | \ \ \ \
 \\/  ___)| |_)| | | | | || (_| |  ) ) ) )
  '  |____| .__|_| |_|_| |_\__, | / / / /
 =========|_|==============|___/=/_/_/_/
 :: Spring Boot ::                (v3.1.3)

2023-09-12T18:39:40.351+02:00  INFO 4804 --- [    Test worker] c.w.v.VerticalAscentApplicationTests     : Starting VerticalAscentApplicationTests using Java 19.0.2 with PID 4804 (started by Nathan in C:\Users\Nathan\Desktop\Licence\vertical-ascent)
2023-09-12T18:39:40.352+02:00  INFO 4804 --- [    Test worker] c.w.v.VerticalAscentApplicationTests     : No active profile set, falling back to 1 default profile: "default"
2023-09-12T18:39:41.155+02:00  INFO 4804 --- [    Test worker] c.w.v.VerticalAscentApplicationTests     : Started VerticalAscentApplicationTests in 0.969 seconds (process running for 1.783)
]]></system-out>
  <system-err><![CDATA[]]></system-err>
</testsuite>
